  1:03 ClientConnect: 4
  1:03 ClientUserinfo: 4 \ip\192.168.10.96:27960\challenge\-2070349188\qport\269\protocol\68\name\Pizzuto\racered\2\raceblue\2\rate\8000\ut_timenudge\0\cg_rgb\128 128 128\cg_predictitems\0\cg_physics\1\snaps\20\model\sarge\headmodel\sarge\team_model\james\team_headmodel\*james\color1\4\color2\5\handicap\100\sex\male\cl_anonymous\0\gear\GMAAWRU\teamtask\0\cl_guid\D26AA3401BE3AE49EE7552C1E5842BEA\weapmodes\00000111020000020000
  1:03 ClientUserinfoChanged: 4 n\Pizzuto\t\3\r\2\tl\0\f0\\f1\\f2\\a0\128\a1\128\a2\128
  1:21 Kill: 2 1 20: Pl4StiK0 killed Agea by UT_MOD_G36
  1:31 ClientUserinfo: 4 \ip\192.168.10.96:27960\name\Pizzuto\racered\2\raceblue\2\rate\8000\ut_timenudge\0\cg_rgb\128 128 128\cg_predictitems\0\cg_physics\1\snaps\20\model\sarge\headmodel\sarge\team_model\james\team_headmodel\*james\color1\4\color2\5\handicap\100\sex\male\cl_anonymous\0\gear\GMAAWRU\teamtask\0\cl_guid\D26AA3401BE3AE49EE7552C1E5842BEA\weapmodes\00000111020000020000
  1:31 ClientUserinfoChanged: 4 n\Pizzuto\t\3\r\2\tl\0\f0\\f1\\f2\\a0\128\a1\128\a2\128
  1:31 ClientBegin: 4
  1:33 Kill: 1 2 20: Agea killed Pl4StiK0 by UT_MOD_G36
  1:33 Kill: 4 4 10: Pizzuto killed Pizzuto by MOD_CHANGE_TEAM
  1:33 ClientUserinfo: 4 \ip\192.168.10.96:27960\name\Pizzuto\racered\2\raceblue\2\rate\8000\ut_timenudge\0\cg_rgb\128 128 128\cg_predictitems\0\cg_physics\1\snaps\20\model\sarge\headmodel\sarge\team_model\james\team_headmodel\*james\color1\4\color2\5\handicap\100\sex\male\cl_anonymous\0\gear\GMAAWRU\teamtask\0\cl_guid\D26AA3401BE3AE49EE7552C1E5842BEA\weapmodes\00000111020000020000
  1:33 ClientUserinfoChanged: 4 n\Pizzuto\t\1\r\2\tl\0\f0\\f1\\f2\\a0\128\a1\128\a2\128
  1:33 ClientBegin: 4
  1:33 Kill: 3 1 20: lampro killed Agea by UT_MOD_G36
  1:44 Kill: 0 2 20: Gala killed Pl4StiK0 by UT_MOD_G36
  1:47 Item: 1 ut_weapon_g36
  1:55 Kill: 3 4 20: lampro killed Pizzuto by UT_MOD_G36
  2:00 Kill: 1 5 20: Agea killed Landsraad by UT_MOD_G36
  2:05 Kill: 2 0 15: Pl4StiK0 killed Gala by UT_MOD_DEAGLE
  2:06 Item: 2 ut_weapon_g36
  2:08 Item: 1 ut_weapon_g36
  2:09 Item: 1 ut_weapon_mp5k
  2:10 Kill: 4 3 20: Pizzuto killed lampro by UT_MOD_G36
  2:12 Item: 5 ut_weapon_g36
  2:14 Item: 4 ut_weapon_g36
  2:34 Kill: 5 1 20: Landsraad killed Agea by UT_MOD_G36
  2:35 Kill: 0 2 20: Gala killed Pl4StiK0 by UT_MOD_G36
  2:42 Item: 0 ut_weapon_g36
  2:43 Item: 0 ut_weapon_deagle
  2:44 Kill: 2 0 20: Pl4StiK0 killed Gala by UT_MOD_G36
  2:44 Item: 4 ut_weapon_deagle
  2:44 Item: 4 ut_weapon_g36
  2:47 Kill: 5 1 20: Landsraad killed Agea by UT_MOD_G36
  2:50 Item: 0 ut_weapon_g36
  2:51 Item: 3 ut_weapon_g36
  2:51 Item: 3 ut_weapon_deagle
  2:59 Kill: 1 5 20: Agea killed Landsraad by UT_MOD_G36
  3:07 Item: 1 ut_weapon_g36
  3:14 Kill: 0 2 20: Gala killed Pl4StiK0 by UT_MOD_G36
  3:14 Kill: 5 4 20: Landsraad killed Pizzuto by UT_MOD_G36
  3:18 Item: 0 ut_weapon_g36
  3:18 Item: 0 ut_weapon_deagle
  3:19 Kill: 5 0 20: Landsraad killed Gala by UT_MOD_G36
  3:24 Kill: 1 3 20: Agea killed lampro by UT_MOD_G36
  3:34 Item: 2 ut_weapon_deagle
  3:34 Item: 2 ut_weapon_g36
  3:51 Kill: 3 0 20: lampro killed Gala by UT_MOD_G36
  3:53 Item: 4 ut_weapon_deagle
  3:53 Item: 4 ut_weapon_g36
  3:54 Kill: 4 3 20: Pizzuto killed lampro by UT_MOD_G36
  3:58 Item: 4 ut_weapon_g36
  3:58 Item: 4 ut_weapon_deagle
  4:03 Kill: 0 2 20: Gala killed Pl4StiK0 by UT_MOD_G36
  4:03 Kill: 5 0 20: Landsraad killed Gala by UT_MOD_G36
  4:05 Kill: 4 3 20: Pizzuto killed lampro by UT_MOD_G36
  4:12 Item: 0 ut_weapon_deagle
  4:12 Item: 2 ut_weapon_deagle
  4:12 Item: 2 ut_weapon_g36
  4:13 Item: 0 ut_weapon_g36
  4:13 Item: 0 ut_weapon_deagle
  4:17 Kill: 0 5 20: Gala killed Landsraad by UT_MOD_G36
  4:19 Item: 0 ut_weapon_g36
  4:25 Kill: 5 1 20: Landsraad killed Agea by UT_MOD_G36
  4:31 Item: 1 ut_weapon_g36
  4:34 Kill: 5 4 20: Landsraad killed Pizzuto by UT_MOD_G36
  4:35 Item: 5 ut_weapon_g36
  4:37 Item: 5 ut_weapon_g36
  4:43 Kill: 5 1 20: Landsraad killed Agea by UT_MOD_G36
  4:48 Item: 2 ut_weapon_deagle
  4:54 Kill: 5 4 20: Landsraad killed Pizzuto by UT_MOD_G36
  4:56 Kill: 1 5 20: Agea killed Landsraad by UT_MOD_G36
  4:57 Kill: 0 3 20: Gala killed lampro by UT_MOD_G36
  4:58 Item: 1 ut_weapon_deagle
  4:58 Item: 1 ut_weapon_g36
  5:02 Item: 1 ut_weapon_mp5k
  5:02 Item: 1 ut_weapon_g36
  5:02 Kill: 3 0 20: lampro killed Gala by UT_MOD_G36
  5:02 Item: 2 ut_weapon_g36
  5:11 Kill: 1 2 20: Agea killed Pl4StiK0 by UT_MOD_G36
  5:13 Item: 1 ut_weapon_g36
  5:22 Kill: 1 5 20: Agea killed Landsraad by UT_MOD_G36
  5:27 Item: 4 ut_weapon_deagle
  5:27 Item: 0 ut_weapon_g36
  5:31 Kill: 2 0 20: Pl4StiK0 killed Gala by UT_MOD_G36
  5:35 Item: 2 ut_weapon_g36
  5:42 Item: 2 ut_weapon_deagle
  6:00 Kill: 0 2 20: Gala killed Pl4StiK0 by UT_MOD_G36
  6:05 Kill: 5 3 20: Landsraad killed lampro by UT_MOD_G36
  6:06 Item: 0 ut_weapon_g36
  6:08 Kill: 5 0 20: Landsraad killed Gala by UT_MOD_G36
  6:14 Kill: 2 4 20: Pl4StiK0 killed Pizzuto by UT_MOD_G36
  6:17 Item: 2 ut_weapon_g36
  6:17 Item: 2 ut_weapon_deagle
  6:20 Kill: 0 5 20: Gala killed Landsraad by UT_MOD_G36
  6:35 Item: 0 ut_weapon_mp5k
  6:46 Kill: 5 1 20: Landsraad killed Agea by UT_MOD_G36
  6:55 Kill: 4 3 20: Pizzuto killed lampro by UT_MOD_G36
  6:55 Item: 4 ut_weapon_deagle
  6:55 Item: 4 ut_weapon_g36
  7:13 Kill: 1 5 20: Agea killed Landsraad by UT_MOD_G36
  7:14 Kill: 2 1 20: Pl4StiK0 killed Agea by UT_MOD_G36
  7:23 Kill: 1 2 20: Agea killed Pl4StiK0 by UT_MOD_G36
  7:25 Kill: 5 0 23: Landsraad killed Gala by UT_MOD_BLED
  7:25 Kill: 4 5 20: Pizzuto killed Landsraad by UT_MOD_G36
  7:27 Item: 1 ut_weapon_deagle
  7:27 Item: 1 ut_weapon_g36
  7:28 Kill: 1 3 20: Agea killed lampro by UT_MOD_G36
  7:31 Item: 1 ut_weapon_g36
  7:33 Item: 1 ut_weapon_deagle
  7:33 Item: 1 ut_weapon_g36
  7:38 Exit: Timelimit hit.
  7:38 red:23  blue:21
  7:38 score: 11  ping: 6  client: 5 Landsraad
  7:38 score: 10  ping: 6  client: 1 Agea
  7:38 score: 8  ping: 0  client: 0 Gala
  7:38 score: 6  ping: 7  client: 2 Pl4StiK0
  7:38 score: 5  ping: 3  client: 4 Pizzuto
  7:38 score: 4  ping: 3  client: 3 lampro
  7:54 ------------------------------------------------------------
  7:54 InitRound: \sv_allowdownload\0\g_matchmode\0\g_gametype\3\sv_maxclients\64\sv_floodprotect\1\g_warmup\15\capturelimit\0\sv_hostname\Marvin\g_followstrict\1\fraglimit\99\timelimit\7\g_cahtime\60\g_swaproles\1\g_roundtime\3\g_bombexplodetime\40\g_bombdefusetime\10\g_hotpotato\2\g_waverespawns\1\g_redwave\10\g_bluewave\10\g_respawndelay\5\g_suddendeath\1\g_maxrounds\0\g_friendlyfire\2\g_allowvote\536871039\g_armbands\0\g_survivorrule\0\g_teamnameblue\Checche\g_teamnamered\Froci\g_gear\0\g_deadchat\1\g_maxGameClients\0\sv_dlURL\marvin.dw\sv_maxPing\0\sv_minPing\0\sv_maxRate\0\sv_minRate\0\dmflags\0\version\ioq3 1.35urt linux-i386 Dec 20 2007\protocol\68\mapname\ut4_elgin\sv_privateClients\0\ Admin\adminname\ Email\xxx@xxx.xxx\gamename\q3ut4\g_needpass\0\g_enableDust\0\g_enableBreath\0\g_antilagvis\0\g_survivor\0\g_enablePrecip\0\g_modversion\4.1
  7:54 Kill: 0 0 10: Gala killed Gala by MOD_CHANGE_TEAM
  7:54 ClientUserinfo: 0 \ip\192.168.10.70:27960\name\Gala\racered\3\raceblue\2\rate\10000\ut_timenudge\0\cg_rgb\128 128 128\cg_predictitems\0\cg_physics\1\gear\GMAARWT\cl_anonymous\0\sex\male\handicap\100\color2\5\color1\4\team_headmodel\*james\team_model\james\headmodel\sarge\model\sarge\snaps\20\teamtask\0\cl_guid\60F2251ACFD7B406DB6266FBE76234AE\weapmodes\00000110220000020002
  7:54 ClientUserinfoChanged: 0 n\Gala\t\2\r\2\tl\0\f0\\f1\\f2\\a0\128\a1\128\a2\128
  7:54 ClientBegin: 0
  7:54 Kill: 4 4 10: Pizzuto killed Pizzuto by MOD_CHANGE_TEAM
  7:54 ClientUserinfo: 4 \ip\192.168.10.96:27960\name\Pizzuto\racered\2\raceblue\2\rate\8000\ut_timenudge\0\cg_rgb\128 128 128\cg_predictitems\0\cg_physics\1\snaps\20\model\sarge\headmodel\sarge\team_model\james\team_headmodel\*james\color1\4\color2\5\handicap\100\sex\male\cl_anonymous\0\gear\GMAAWRU\teamtask\0\cl_guid\D26AA3401BE3AE49EE7552C1E5842BEA\weapmodes\00000111020000020000
  7:54 ClientUserinfoChanged: 4 n\Pizzuto\t\2\r\2\tl\0\f0\\f1\\f2\\a0\128\a1\128\a2\128
  7:54 ClientBegin: 4
  7:54 Kill: 1 1 10: Agea killed Agea by MOD_CHANGE_TEAM
  7:54 ClientUserinfo: 1 \ip\192.168.10.36:27960\name\Agea\racered\2\raceblue\2\rate\8000\ut_timenudge\0\cg_rgb\128 128 128\cg_predictitems\0\cg_physics\1\gear\GMAARWT\cl_anonymous\0\sex\male\handicap\100\color2\5\color1\4\team_headmodel\*james\team_model\james\headmodel\sarge\model\sarge\snaps\20\teamtask\0\cl_guid\4BF76CF8CB1B000204A73B68AB3B9AD8\weapmodes\01000110220000020002
  7:54 ClientUserinfoChanged: 1 n\Agea\t\2\r\2\tl\0\f0\\f1\\f2\\a0\128\a1\128\a2\128
  7:54 ClientBegin: 1
  7:54 Kill: 5 5 10: Landsraad killed Landsraad by MOD_CHANGE_TEAM
  7:54 ClientUserinfo: 5 \ip\192.168.10.35:27960\name\Landsraad\racered\2\raceblue\2\rate\8000\ut_timenudge\0\cg_rgb\128 128 128\cg_predictitems\0\cg_physics\1\gear\FMIARWA\snaps\20\model\sarge\headmodel\sarge\team_model\james\team_headmodel\*james\color1\4\color2\5\handicap\100\sex\male\cl_anonymous\0\teamtask\0\cl_guid\35BA45F4B6B25679A9FA02981ADF4BA6\weapmodes\01000110220000020002
  7:54 ClientUserinfoChanged: 5 n\Landsraad\t\1\r\2\tl\0\f0\\f1\\f2\\a0\128\a1\128\a2\128
  7:54 ClientBegin: 5
  7:55 Kill: 2 2 10: Pl4StiK0 killed Pl4StiK0 by MOD_CHANGE_TEAM
  7:55 ClientUserinfo: 2 \ip\192.168.10.38:27960\name\Pl4StiK0\racered\2\raceblue\2\rate\8000\ut_timenudge\0\cg_rgb\128 128 128\cg_predictitems\0\cg_physics\1\snaps\20\model\sarge\headmodel\sarge\team_model\james\team_headmodel\*james\color1\4\color2\5\handicap\100\sex\male\cl_anonymous\0\gear\GMAARWU\teamtask\0\cl_guid\2B94319F0754CADCF439F5A645DF03DF\weapmodes\01000110220000020002
  7:55 ClientUserinfoChanged: 2 n\Pl4StiK0\t\1\r\2\tl\0\f0\\f1\\f2\\a0\128\a1\128\a2\128
  7:55 ClientBegin: 2
  7:55 Kill: 3 3 10: lampro killed lampro by MOD_CHANGE_TEAM
  7:55 ClientUserinfo: 3 \ip\192.168.10.5:27960\name\lampro\racered\1\raceblue\1\rate\8000\ut_timenudge\0\cg_rgb\128 128 128\funred\ninja\funblue\ninja\cg_predictitems\0\cg_physics\1\cl_anonymous\0\sex\male\handicap\100\color2\5\color1\4\team_headmodel\*james\team_model\james\headmodel\sarge\model\sarge\snaps\20\gear\GMAARWU\teamtask\0\cl_guid\E19A266F590A8690405B2E914D8341D3\weapmodes\00000111220000020002
  7:55 ClientUserinfoChanged: 3 n\lampro\t\1\r\1\tl\0\f0\ninja\f1\\f2\\a0\128\a1\128\a2\128
  7:55 ClientBegin: 3
  8:01 ClientUserinfo: 2 \ip\192.168.10.38:27960\name\Pl4StiK0\racered\2\raceblue\2\rate\8000\ut_timenudge\0\cg_rgb\128 128 128\cg_predictitems\0\cg_physics\1\snaps\20\model\sarge\headmodel\sarge\team_model\james\team_headmodel\*james\color1\4\color2\5\handicap\100\sex\male\cl_anonymous\0\gear\GZIARWA\teamtask\0\cl_guid\2B94319F0754CADCF439F5A645DF03DF\weapmodes\01000110220000020002
  8:01 ClientUserinfoChanged: 2 n\Pl4StiK0\t\1\r\2\tl\0\f0\\f1\\f2\\a0\128\a1\128\a2\128
  8:08 ------------------------------------------------------------
  8:08 InitRound: \sv_allowdownload\0\g_matchmode\0\g_gametype\3\sv_maxclients\64\sv_floodprotect\1\g_warmup\15\capturelimit\0\sv_hostname\Marvin\g_followstrict\1\fraglimit\99\timelimit\7\g_cahtime\60\g_swaproles\1\g_roundtime\3\g_bombexplodetime\40\g_bombdefusetime\10\g_hotpotato\2\g_waverespawns\1\g_redwave\10\g_bluewave\10\g_respawndelay\5\g_suddendeath\1\g_maxrounds\0\g_friendlyfire\2\g_allowvote\536871039\g_armbands\0\g_survivorrule\0\g_teamnameblue\Checche\g_teamnamered\Froci\g_gear\0\g_deadchat\1\g_maxGameClients\0\sv_dlURL\marvin.dw\sv_maxPing\0\sv_minPing\0\sv_maxRate\0\sv_minRate\0\dmflags\0\version\ioq3 1.35urt linux-i386 Dec 20 2007\protocol\68\mapname\ut4_elgin\sv_privateClients\0\ Admin\adminname\ Email\xxx@xxx.xxx\gamename\q3ut4\g_needpass\0\g_enableDust\0\g_enableBreath\0\g_antilagvis\0\g_survivor\0\g_enablePrecip\0\g_modversion\4.1
  8:22 Kill: 3 1 20: lampro killed Agea by UT_MOD_G36
  8:26 Item: 2 ut_weapon_deagle
  8:30 Kill: 0 3 20: Gala killed lampro by UT_MOD_G36
  8:33 Kill: 5 0 20: Landsraad killed Gala by UT_MOD_G36
  8:38 Item: 5 ut_weapon_g36
  8:44 Kill: 0 5 20: Gala killed Landsraad by UT_MOD_G36
  8:48 Item: 3 ut_weapon_g36
  8:48 Kill: 1 2 20: Agea killed Pl4StiK0 by UT_MOD_G36
  8:49 Item: 3 ut_weapon_deagle
  8:52 Item: 1 ut_weapon_g36
  8:53 Item: 0 ut_weapon_mp5k
  8:54 Item: 0 ut_weapon_g36
  8:56 Item: 1 ut_weapon_deagle
  8:56 Item: 1 ut_weapon_mp5k
  9:00 Kill: 3 0 20: lampro killed Gala by UT_MOD_G36
  9:06 Kill: 1 2 20: Agea killed Pl4StiK0 by UT_MOD_G36
  9:13 Item: 5 ut_weapon_mp5k
  9:13 Item: 5 ut_weapon_g36
  9:16 Item: 3 ut_weapon_deagle
  9:18 Kill: 5 0 20: Landsraad killed Gala by UT_MOD_G36
  9:26 Kill: 0 3 20: Gala killed lampro by UT_MOD_G36
  9:28 Kill: 2 4 28: Pl4StiK0 killed Pizzuto by UT_MOD_SR8
  9:32 Kill: 0 5 20: Gala killed Landsraad by UT_MOD_G36
  9:38 Item: 0 ut_weapon_g36
  9:39 Item: 0 ut_weapon_mp5k
  9:51 Item: 3 ut_weapon_g36
  9:52 Kill: 3 0 20: lampro killed Gala by UT_MOD_G36
 10:08 Kill: 1 2 23: Agea killed Pl4StiK0 by UT_MOD_BLED
 10:12 Kill: 4 3 20: Pizzuto killed lampro by UT_MOD_G36
 10:12 Item: 0 ut_weapon_deagle
 10:12 Item: 0 ut_weapon_g36
 10:12 Item: 0 ut_weapon_mp5k
 10:39 Kill: 0 3 20: Gala killed lampro by UT_MOD_G36
 10:39 Kill: 5 1 20: Landsraad killed Agea by UT_MOD_G36
 10:44 Item: 5 ut_weapon_mp5k
 10:44 Item: 5 ut_weapon_g36
 10:51 Kill: 3 0 20: lampro killed Gala by UT_MOD_G36
 11:09 Item: 3 ut_weapon_mp5k
 11:09 Kill: 1 5 20: Agea killed Landsraad by UT_MOD_G36
 11:09 Item: 3 ut_weapon_g36
 11:11 Kill: 4 2 20: Pizzuto killed Pl4StiK0 by UT_MOD_G36
 11:13 Item: 1 ut_weapon_g36
 11:13 Item: 1 ut_weapon_mp5k
 11:19 Kill: 5 1 20: Landsraad killed Agea by UT_MOD_G36
 11:23 Item: 5 ut_weapon_g36
 11:23 Item: 5 ut_weapon_mp5k
 11:25 Kill: 0 3 20: Gala killed lampro by UT_MOD_G36
 11:27 Kill: 2 4 18: Pl4StiK0 killed Pizzuto by UT_MOD_MP5K
 11:28 Item: 2 ut_weapon_deagle
 11:30 Kill: 5 1 20: Landsraad killed Agea by UT_MOD_G36
 11:35 Item: 5 ut_weapon_beretta
 11:37 Kill: 5 4 20: Landsraad killed Pizzuto by UT_MOD_G36
 11:42 Item: 3 ut_weapon_deagle
 11:46 Item: 4 ut_weapon_g36
 11:47 Kill: 0 3 20: Gala killed lampro by UT_MOD_G36
 11:47 Item: 4 ut_weapon_deagle
 11:49 Kill: 5 4 20: Landsraad killed Pizzuto by UT_MOD_G36
 11:53 Kill: 1 5 20: Agea killed Landsraad by UT_MOD_G36
 11:55 Kill: 0 3 20: Gala killed lampro by UT_MOD_G36
 11:57 Item: 1 ut_weapon_g36
 11:58 Item: 0 ut_weapon_deagle
 11:58 Item: 0 ut_weapon_g36
 12:04 Kill: 3 0 20: lampro killed Gala by UT_MOD_G36
 12:11 Item: 3 ut_weapon_g36
 12:16 Kill: 5 1 20: Landsraad killed Agea by UT_MOD_G36
 12:25 Kill: 0 3 20: Gala killed lampro by UT_MOD_G36
 12:28 Kill: 4 2 20: Pizzuto killed Pl4StiK0 by UT_MOD_G36
 12:35 Item: 0 ut_weapon_g36
 12:35 Item: 0 ut_weapon_deagle
 12:38 Kill: 0 3 20: Gala killed lampro by UT_MOD_G36
 12:42 Kill: 1 5 20: Agea killed Landsraad by UT_MOD_G36
 12:46 Item: 1 ut_weapon_g36
 12:48 Item: 0 ut_weapon_deagle
 12:48 Item: 0 ut_weapon_g36
 12:48 Kill: 3 0 20: lampro killed Gala by UT_MOD_G36
 12:52 Kill: 4 2 20: Pizzuto killed Pl4StiK0 by UT_MOD_G36
 12:54 Kill: 5 4 20: Landsraad killed Pizzuto by UT_MOD_G36
 12:54 Item: 3 ut_weapon_deagle
 12:55 Item: 3 ut_weapon_g36
 13:02 Kill: 5 1 20: Landsraad killed Agea by UT_MOD_G36
 13:04 Item: 5 ut_weapon_g36
 13:06 Kill: 0 3 20: Gala killed lampro by UT_MOD_G36
 13:09 Item: 5 ut_weapon_g36
 13:23 Kill: 4 3 20: Pizzuto killed lampro by UT_MOD_G36
 13:25 Kill: 4 2 20: Pizzuto killed Pl4StiK0 by UT_MOD_G36
 13:27 Item: 0 ut_weapon_g36
 13:27 Item: 0 ut_weapon_deagle
 13:30 Item: 0 ut_weapon_g36
 13:32 Kill: 0 3 20: Gala killed lampro by UT_MOD_G36
 13:32 Kill: 5 4 20: Landsraad killed Pizzuto by UT_MOD_G36
 13:32 Item: 5 ut_weapon_g36
 13:33 Item: 0 ut_weapon_deagle
 13:36 Kill: 5 0 20: Landsraad killed Gala by UT_MOD_G36
 13:36 ClientUserinfo: 2 \ip\192.168.10.38:27960\name\Pl4StiK0\racered\2\raceblue\2\rate\8000\ut_timenudge\0\cg_rgb\128 128 128\cg_predictitems\0\cg_physics\1\snaps\20\model\sarge\headmodel\sarge\team_model\james\team_headmodel\*james\color1\4\color2\5\handicap\100\sex\male\cl_anonymous\0\gear\GMIARWA\teamtask\0\cl_guid\2B94319F0754CADCF439F5A645DF03DF\weapmodes\01000110220000020002
 13:36 ClientUserinfoChanged: 2 n\Pl4StiK0\t\1\r\2\tl\0\f0\\f1\\f2\\a0\128\a1\128\a2\128
 13:36 Item: 2 ut_weapon_deagle
 13:36 Item: 2 ut_weapon_mp5k
 13:37 Item: 5 ut_weapon_g36
 13:38 Item: 2 ut_weapon_g36
 13:39 Item: 2 ut_weapon_deagle
 13:40 Item: 2 ut_weapon_deagle
 13:44 Kill: 5 1 20: Landsraad killed Agea by UT_MOD_G36
 13:52 Item: 5 ut_weapon_g36
 13:56 Kill: 2 4 20: Pl4StiK0 killed Pizzuto by UT_MOD_G36
 13:56 Item: 2 ut_weapon_deagle
 13:56 Item: 2 ut_weapon_g36
 13:57 Kill: 0 3 20: Gala killed lampro by UT_MOD_G36
 14:03 Kill: 1 5 20: Agea killed Landsraad by UT_MOD_G36
 14:03 Item: 0 ut_weapon_g36
 14:03 Item: 0 ut_weapon_deagle
 14:06 Item: 2 ut_weapon_mp5k
 14:06 Item: 2 ut_weapon_g36
 14:07 Kill: 1 2 20: Agea killed Pl4StiK0 by UT_MOD_G36
 14:15 ClientUserinfo: 2 \ip\192.168.10.38:27960\name\Pl4StiK0\racered\2\raceblue\2\rate\8000\ut_timenudge\0\cg_rgb\128 128 128\cg_predictitems\0\cg_physics\1\snaps\20\model\sarge\headmodel\sarge\team_model\james\team_headmodel\*james\color1\4\color2\5\handicap\100\sex\male\cl_anonymous\0\gear\GMAARWU\teamtask\0\cl_guid\2B94319F0754CADCF439F5A645DF03DF\weapmodes\01000110220000020002
 14:15 ClientUserinfoChanged: 2 n\Pl4StiK0\t\1\r\2\tl\0\f0\\f1\\f2\\a0\128\a1\128\a2\128
 14:16 Kill: 0 2 20: Gala killed Pl4StiK0 by UT_MOD_G36
 14:17 Item: 1 ut_weapon_g36
 14:18 Item: 1 ut_weapon_mp5k
 14:22 Kill: 1 5 18: Agea killed Landsraad by UT_MOD_MP5K
 14:24 Item: 3 ut_weapon_mp5k
 14:30 Kill: 2 0 20: Pl4StiK0 killed Gala by UT_MOD_G36
 14:31 Item: 2 ut_weapon_g36
 14:31 Item: 2 ut_weapon_deagle
 14:47 Item: 4 ut_weapon_mp5k
 14:48 Item: 4 ut_weapon_g36
 14:49 Kill: 0 3 20: Gala killed lampro by UT_MOD_G36
 14:49 Kill: 5 1 20: Landsraad killed Agea by UT_MOD_G36
 14:55 Kill: 5 4 20: Landsraad killed Pizzuto by UT_MOD_G36
 14:56 Item: 5 ut_weapon_mp5k
 14:56 Item: 5 ut_weapon_g36
 14:59 Kill: 3 0 20: lampro killed Gala by UT_MOD_G36
 15:00 Item: 5 ut_weapon_mp5k
 15:01 Item: 5 ut_weapon_g36
 15:07 Kill: 4 5 20: Pizzuto killed Landsraad by UT_MOD_G36
 15:08 Exit: Timelimit hit.
 15:08 red:26  blue:31
 15:08 score: 26  ping: 4  client: 5 Landsraad
 15:08 score: 23  ping: 4  client: 0 Gala
 15:08 score: 19  ping: 0  client: 1 Agea
 15:08 score: 12  ping: 3  client: 4 Pizzuto
 15:08 score: 11  ping: 1  client: 3 lampro
 15:08 score: 10  ping: 6  client: 2 Pl4StiK0
 15:24 ShutdownGame:
 15:24 ------------------------------------------------------------
  0:00 ------------------------------------------------------------
  0:00 InitGame: \sv_allowdownload\0\g_matchmode\0\g_gametype\3\sv_maxclients\64\sv_floodprotect\1\g_warmup\15\capturelimit\0\sv_hostname\Marvin\g_followstrict\1\fraglimit\99\timelimit\7\g_cahtime\60\g_swaproles\1\g_roundtime\3\g_bombexplodetime\40\g_bombdefusetime\10\g_hotpotato\2\g_waverespawns\1\g_redwave\10\g_bluewave\10\g_respawndelay\5\g_suddendeath\1\g_maxrounds\0\g_friendlyfire\2\g_allowvote\536871039\g_armbands\0\g_survivorrule\0\g_teamnameblue\Checche\g_teamnamered\Froci\g_gear\0\g_deadchat\1\g_maxGameClients\0\sv_dlURL\marvin.dw\sv_maxPing\0\sv_minPing\0\sv_maxRate\0\sv_minRate\0\dmflags\0\version\ioq3 1.35urt linux-i386 Dec 20 2007\protocol\68\mapname\ut_scottbase\sv_privateClients\0\ Admin\adminname\ Email\xxx@xxx.xxx\gamename\q3ut4\g_needpass\0\g_enableDust\0\g_enableBreath\0\g_antilagvis\0\g_survivor\0\g_enablePrecip\0\g_modversion\4.1
  0:00 Warmup:
  0:00 ClientConnect: 0
  0:00 ClientUserinfo: 0 \ip\192.168.10.70:27960\name\Gala\racered\3\raceblue\2\rate\10000\ut_timenudge\0\cg_rgb\128 128 128\cg_predictitems\0\cg_physics\1\gear\GMAARWT\cl_anonymous\0\sex\male\handicap\100\color2\5\color1\4\team_headmodel\*james\team_model\james\headmodel\sarge\model\sarge\snaps\20\teamtask\0\cl_guid\60F2251ACFD7B406DB6266FBE76234AE\weapmodes\00000110220000020002
  0:00 ClientUserinfoChanged: 0 n\Gala\t\2\r\2\tl\0\f0\\f1\\f2\\a0\128\a1\128\a2\128
  0:00 ClientConnect: 1
  0:00 ClientUserinfo: 1 \ip\192.168.10.36:27960\name\Agea\racered\2\raceblue\2\rate\8000\ut_timenudge\0\cg_rgb\128 128 128\cg_predictitems\0\cg_physics\1\gear\GMAARWT\cl_anonymous\0\sex\male\handicap\100\color2\5\color1\4\team_headmodel\*james\team_model\james\headmodel\sarge\model\sarge\snaps\20\teamtask\0\cl_guid\4BF76CF8CB1B000204A73B68AB3B9AD8\weapmodes\01000110220000020002
  0:00 ClientUserinfoChanged: 1 n\Agea\t\2\r\2\tl\0\f0\\f1\\f2\\a0\128\a1\128\a2\128
  0:00 ClientConnect: 2
  0:00 ClientUserinfo: 2 \ip\192.168.10.38:27960\name\Pl4StiK0\racered\2\raceblue\2\rate\8000\ut_timenudge\0\cg_rgb\128 128 128\cg_predictitems\0\cg_physics\1\snaps\20\model\sarge\headmodel\sarge\team_model\james\team_headmodel\*james\color1\4\color2\5\handicap\100\sex\male\cl_anonymous\0\gear\GMAARWU\teamtask\0\cl_guid\2B94319F0754CADCF439F5A645DF03DF\weapmodes\01000110220000020002
  0:00 ClientUserinfoChanged: 2 n\Pl4StiK0\t\1\r\2\tl\0\f0\\f1\\f2\\a0\128\a1\128\a2\128
  0:00 ClientConnect: 3
  0:00 ClientUserinfo: 3 \ip\192.168.10.5:27960\name\lampro\racered\1\raceblue\1\rate\8000\ut_timenudge\0\cg_rgb\128 128 128\funred\ninja\funblue\ninja\cg_predictitems\0\cg_physics\1\cl_anonymous\0\sex\male\handicap\100\color2\5\color1\4\team_headmodel\*james\team_model\james\headmodel\sarge\model\sarge\snaps\20\gear\GMAARWU\teamtask\0\cl_guid\E19A266F590A8690405B2E914D8341D3\weapmodes\00000111220000020002
  0:00 ClientUserinfoChanged: 3 n\lampro\t\1\r\1\tl\0\f0\ninja\f1\\f2\\a0\128\a1\128\a2\128
  0:00 ClientConnect: 4
  0:00 ClientUserinfo: 4 \ip\192.168.10.96:27960\name\Pizzuto\racered\2\raceblue\2\rate\8000\ut_timenudge\0\cg_rgb\128 128 128\cg_predictitems\0\cg_physics\1\snaps\20\model\sarge\headmodel\sarge\team_model\james\team_headmodel\*james\color1\4\color2\5\handicap\100\sex\male\cl_anonymous\0\gear\GMAAWRU\teamtask\0\cl_guid\D26AA3401BE3AE49EE7552C1E5842BEA\weapmodes\00000111020000020000
  0:00 ClientUserinfoChanged: 4 n\Pizzuto\t\2\r\2\tl\0\f0\\f1\\f2\\a0\128\a1\128\a2\128
  0:00 ClientConnect: 5
  0:00 ClientUserinfo: 5 \ip\192.168.10.35:27960\name\Landsraad\racered\2\raceblue\2\rate\8000\ut_timenudge\0\cg_rgb\128 128 128\cg_predictitems\0\cg_physics\1\gear\FMIARWA\snaps\20\model\sarge\headmodel\sarge\team_model\james\team_headmodel\*james\color1\4\color2\5\handicap\100\sex\male\cl_anonymous\0\teamtask\0\cl_guid\35BA45F4B6B25679A9FA02981ADF4BA6\weapmodes\01000110220000020002
  0:00 ClientUserinfoChanged: 5 n\Landsraad\t\1\r\2\tl\0\f0\\f1\\f2\\a0\128\a1\128\a2\128
  0:04 ClientDisconnect: 3
  0:13 ClientConnect: 3
  0:13 ClientUserinfo: 3 \ip\192.168.10.5:27960\challenge\-1067468546\qport\176\protocol\68\name\lampro\racered\1\raceblue\1\rate\8000\ut_timenudge\0\cg_rgb\128 128 128\funred\ninja\funblue\ninja\cg_predictitems\0\cg_physics\1\cl_anonymous\0\sex\male\handicap\100\color2\5\color1\4\team_headmodel\*james\team_model\james\headmodel\sarge\model\sarge\snaps\20\gear\GMAARWU\teamtask\0\cl_guid\E19A266F590A8690405B2E914D8341D3\weapmodes\00000111220000020002
  0:13 ClientUserinfoChanged: 3 n\lampro\t\3\r\1\tl\0\f0\\f1\\f2\\a0\128\a1\128\a2\128
  0:14 ClientBegin: 2
  0:14 ClientBegin: 5
  0:15 ClientBegin: 1
  0:19 ClientBegin: 0
  0:26 ClientUserinfo: 3 \ip\192.168.10.5:27960\name\lampro\racered\1\raceblue\1\rate\8000\ut_timenudge\0\cg_rgb\128 128 128\funred\ninja\funblue\ninja\cg_predictitems\0\cg_physics\1\cl_anonymous\0\sex\male\handicap\100\color2\5\color1\4\team_headmodel\*james\team_model\james\headmodel\sarge\model\sarge\snaps\20\gear\GMAARWU\teamtask\0\cl_guid\E19A266F590A8690405B2E914D8341D3\weapmodes\00000111220000020002
  0:26 ClientUserinfoChanged: 3 n\lampro\t\3\r\1\tl\0\f0\\f1\\f2\\a0\128\a1\128\a2\128
  0:26 ClientBegin: 3
  0:28 ClientBegin: 4
  0:29 ------------------------------------------------------------
  0:29 InitRound: \sv_allowdownload\0\g_matchmode\0\g_gametype\3\sv_maxclients\64\sv_floodprotect\1\g_warmup\15\capturelimit\0\sv_hostname\Marvin\g_followstrict\1\fraglimit\99\timelimit\7\g_cahtime\60\g_swaproles\1\g_roundtime\3\g_bombexplodetime\40\g_bombdefusetime\10\g_hotpotato\2\g_waverespawns\1\g_redwave\10\g_bluewave\10\g_respawndelay\5\g_suddendeath\1\g_maxrounds\0\g_friendlyfire\2\g_allowvote\536871039\g_armbands\0\g_survivorrule\0\g_teamnameblue\Checche\g_teamnamered\Froci\g_gear\0\g_deadchat\1\g_maxGameClients\0\sv_dlURL\marvin.dw\sv_maxPing\0\sv_minPing\0\sv_maxRate\0\sv_minRate\0\dmflags\0\version\ioq3 1.35urt linux-i386 Dec 20 2007\protocol\68\mapname\ut_scottbase\sv_privateClients\0\ Admin\adminname\ Email\xxx@xxx.xxx\gamename\q3ut4\g_needpass\0\g_enableDust\0\g_enableBreath\1\g_antilagvis\0\g_survivor\0\g_enablePrecip\2\g_modversion\4.1
  0:34 Kill: 3 3 10: lampro killed lampro by MOD_CHANGE_TEAM
  0:34 ClientUserinfo: 3 \ip\192.168.10.5:27960\name\lampro\racered\1\raceblue\1\rate\8000\ut_timenudge\0\cg_rgb\128 128 128\funred\ninja\funblue\ninja\cg_predictitems\0\cg_physics\1\cl_anonymous\0\sex\male\handicap\100\color2\5\color1\4\team_headmodel\*james\team_model\james\headmodel\sarge\model\sarge\snaps\20\gear\GMAARWU\teamtask\0\cl_guid\E19A266F590A8690405B2E914D8341D3\weapmodes\00000111220000020002
  0:34 ClientUserinfoChanged: 3 n\lampro\t\1\r\1\tl\0\f0\ninja\f1\\f2\\a0\128\a1\128\a2\128
  0:34 ClientBegin: 3
  0:54 Kill: 3 0 20: lampro killed Gala by UT_MOD_G36
  1:08 ClientUserinfo: 2 \ip\192.168.10.38:27960\name\Pl4StiK0\racered\2\raceblue\2\rate\8000\ut_timenudge\0\cg_rgb\128 128 128\cg_predictitems\0\cg_physics\1\snaps\20\model\sarge\headmodel\sarge\team_model\james\team_headmodel\*james\color1\4\color2\5\handicap\100\sex\male\cl_anonymous\0\gear\GNAARWU\teamtask\0\cl_guid\2B94319F0754CADCF439F5A645DF03DF\weapmodes\01000110220000020002
  1:08 ClientUserinfoChanged: 2 n\Pl4StiK0\t\1\r\2\tl\0\f0\\f1\\f2\\a0\128\a1\128\a2\128
  1:09 Item: 3 ut_weapon_g36
  1:10 Kill: 5 4 20: Landsraad killed Pizzuto by UT_MOD_G36
  1:13 Item: 3 ut_weapon_deagle
  1:15 Item: 5 ut_weapon_g36
  1:15 Kill: 0 3 20: Gala killed lampro by UT_MOD_G36
  1:15 Item: 2 ut_weapon_deagle
  1:15 Item: 2 ut_weapon_g36
  1:23 Kill: 5 0 20: Landsraad killed Gala by UT_MOD_G36
  1:28 ClientUserinfo: 2 \ip\192.168.10.38:27960\name\Pl4StiK0\racered\2\raceblue\2\rate\8000\ut_timenudge\0\cg_rgb\128 128 128\cg_predictitems\0\cg_physics\1\snaps\20\model\sarge\headmodel\sarge\team_model\james\team_headmodel\*james\color1\4\color2\5\handicap\100\sex\male\cl_anonymous\0\gear\GNIARWA\teamtask\0\cl_guid\2B94319F0754CADCF439F5A645DF03DF\weapmodes\01000110220000020002
  1:28 ClientUserinfoChanged: 2 n\Pl4StiK0\t\1\r\2\tl\0\f0\\f1\\f2\\a0\128\a1\128\a2\128
  1:29 Kill: 1 5 20: Agea killed Landsraad by UT_MOD_G36
  1:35 Item: 2 ut_weapon_g36
  1:35 Item: 2 ut_weapon_deagle
  1:36 Item: 2 ut_weapon_mp5k
  1:36 Item: 2 ut_weapon_g36
  1:41 Kill: 0 2 20: Gala killed Pl4StiK0 by UT_MOD_G36
  1:43 Kill: 3 0 20: lampro killed Gala by UT_MOD_G36
  1:57 Item: 5 ut_weapon_beretta
  2:01 Kill: 1 5 20: Agea killed Landsraad by UT_MOD_G36
  2:01 Kill: 0 3 20: Gala killed lampro by UT_MOD_G36
  2:04 Item: 1 ut_weapon_mp5k
  2:04 Item: 1 ut_weapon_g36
  2:10 Item: 0 ut_weapon_g36
  2:11 Item: 0 ut_weapon_deagle
  2:21 Kill: 2 0 21: Pl4StiK0 killed Gala by UT_MOD_PSG1
  2:42 Kill: 2 4 18: Pl4StiK0 killed Pizzuto by UT_MOD_MP5K
  2:42 Item: 2 ut_weapon_deagle
  2:50 Kill: 2 0 21: Pl4StiK0 killed Gala by UT_MOD_PSG1
  2:52 Kill: 5 1 20: Landsraad killed Agea by UT_MOD_G36
  3:00 Kill: 4 5 20: Pizzuto killed Landsraad by UT_MOD_G36
  3:00 Item: 2 ut_weapon_mp5k
  3:05 Kill: 0 3 20: Gala killed lampro by UT_MOD_G36
  3:07 Item: 0 ut_weapon_deagle
  3:07 Item: 0 ut_weapon_g36
  3:12 Kill: 4 2 20: Pizzuto killed Pl4StiK0 by UT_MOD_G36
  3:20 Item: 4 ut_weapon_g36
  3:23 Item: 4 ut_weapon_mp5k
  3:23 Item: 4 ut_weapon_g36
  3:49 Kill: 3 1 20: lampro killed Agea by UT_MOD_G36
  3:54 Kill: 2 4 18: Pl4StiK0 killed Pizzuto by UT_MOD_MP5K
  4:01 Kill: 0 5 20: Gala killed Landsraad by UT_MOD_G36
  4:11 Item: 1 ut_weapon_g36
  4:11 Item: 1 ut_weapon_deagle
  4:12 Kill: 3 0 20: lampro killed Gala by UT_MOD_G36
  4:15 Item: 2 ut_weapon_mp5k
  4:22 Item: 3 ut_weapon_g36
  4:32 Kill: 5 4 20: Landsraad killed Pizzuto by UT_MOD_G36
  4:33 Item: 0 ut_weapon_deagle
  4:39 Kill: 1 0 20: Agea killed Gala by UT_MOD_G36
  4:39 Kill: 1 2 20: Agea killed Pl4StiK0 by UT_MOD_G36
  4:39 Item: 3 ut_weapon_mp5k
  4:43 Item: 3 ut_weapon_deagle
  4:44 Kill: 1 3 20: Agea killed lampro by UT_MOD_G36
  4:54 Kill: 5 0 20: Landsraad killed Gala by UT_MOD_G36
  4:55 Kill: 5 4 20: Landsraad killed Pizzuto by UT_MOD_G36
  5:02 Item: 4 ut_weapon_g36
  5:03 Item: 4 ut_weapon_deagle
  5:03 Item: 4 ut_weapon_deagle
  5:04 Item: 2 ut_weapon_mp5k
  5:04 Item: 2 ut_weapon_deagle
  5:04 Item: 2 ut_weapon_psg1
  5:05 Kill: 4 5 20: Pizzuto killed Landsraad by UT_MOD_G36
  5:06 Item: 0 ut_weapon_g36
  5:09 Item: 3 ut_weapon_g36
  5:11 Kill: 2 1 21: Pl4StiK0 killed Agea by UT_MOD_PSG1
  5:19 ClientUserinfo: 1 \ip\192.168.10.36:27960\name\Agea\racered\2\raceblue\2\rate\8000\ut_timenudge\0\cg_rgb\128 128 128\cg_predictitems\0\cg_physics\1\gear\GZAARWT\cl_anonymous\0\sex\male\handicap\100\color2\5\color1\4\team_headmodel\*james\team_model\james\headmodel\sarge\model\sarge\snaps\20\teamtask\0\cl_guid\4BF76CF8CB1B000204A73B68AB3B9AD8\weapmodes\01000110220000020002
  5:19 ClientUserinfoChanged: 1 n\Agea\t\2\r\2\tl\0\f0\\f1\\f2\\a0\128\a1\128\a2\128
  5:24 Kill: 2 0 21: Pl4StiK0 killed Gala by UT_MOD_PSG1
  5:29 Kill: 5 4 20: Landsraad killed Pizzuto by UT_MOD_G36
  5:30 Item: 1 ut_weapon_deagle
  5:35 Kill: 1 2 28: Agea killed Pl4StiK0 by UT_MOD_SR8
  5:59 Kill: 0 5 23: Gala killed Landsraad by UT_MOD_BLED
  6:01 Kill: 3 4 20: lampro killed Pizzuto by UT_MOD_G36
  6:02 Item: 0 ut_weapon_g36
  6:02 Item: 0 ut_weapon_mp5k
  6:05 Kill: 1 2 28: Agea killed Pl4StiK0 by UT_MOD_SR8
  6:17 Kill: 1 3 28: Agea killed lampro by UT_MOD_SR8
  6:20 Item: 0 ut_weapon_deagle
  6:20 Item: 0 ut_weapon_mp5k
  6:20 Item: 0 ut_weapon_deagle
  6:20 Item: 0 ut_weapon_g36
  6:24 Kill: 5 4 20: Landsraad killed Pizzuto by UT_MOD_G36
  6:25 Item: 0 ut_weapon_g36
  6:26 Item: 0 ut_weapon_deagle
  6:26 Item: 5 ut_weapon_beretta
  6:32 Kill: 0 2 20: Gala killed Pl4StiK0 by UT_MOD_G36
  6:33 Item: 0 ut_weapon_deagle
  6:33 Item: 0 ut_weapon_mp5k
  6:38 Kill: 5 4 20: Landsraad killed Pizzuto by UT_MOD_G36
  6:39 Kill: 3 0 20: lampro killed Gala by UT_MOD_G36
  6:48 Item: 4 ut_weapon_deagle
  6:48 Item: 4 ut_weapon_g36
  6:49 Kill: 1 5 15: Agea killed Landsraad by UT_MOD_DEAGLE
  7:00 Item: 4 ut_weapon_mp5k
  7:01 Item: 4 ut_weapon_g36
  7:07 Kill: 1 5 28: Agea killed Landsraad by UT_MOD_SR8
  7:07 Item: 3 ut_weapon_mp5k
  7:25 Kill: 5 0 20: Landsraad killed Gala by UT_MOD_G36
  7:26 Item: 5 ut_weapon_g36
  7:29 Exit: Timelimit hit.
  7:29 red:22  blue:18
  7:29 score: 10  ping: 1  client: 5 Landsraad
  7:29 score: 8  ping: 0  client: 1 Agea
  7:29 score: 7  ping: 1  client: 0 Gala
  7:29 score: 6  ping: 4  client: 3 lampro
  7:29 score: 6  ping: 1  client: 2 Pl4StiK0
  7:29 score: 3  ping: 4  client: 4 Pizzuto
  7:29 Item: 3 ut_weapon_g36
  7:45 ------------------------------------------------------------
  7:45 InitRound: \sv_allowdownload\0\g_matchmode\0\g_gametype\3\sv_maxclients\64\sv_floodprotect\1\g_warmup\15\capturelimit\0\sv_hostname\Marvin\g_followstrict\1\fraglimit\99\timelimit\7\g_cahtime\60\g_swaproles\1\g_roundtime\3\g_bombexplodetime\40\g_bombdefusetime\10\g_hotpotato\2\g_waverespawns\1\g_redwave\10\g_bluewave\10\g_respawndelay\5\g_suddendeath\1\g_maxrounds\0\g_friendlyfire\2\g_allowvote\536871039\g_armbands\0\g_survivorrule\0\g_teamnameblue\Checche\g_teamnamered\Froci\g_gear\0\g_deadchat\1\g_maxGameClients\0\sv_dlURL\marvin.dw\sv_maxPing\0\sv_minPing\0\sv_maxRate\0\sv_minRate\0\dmflags\0\version\ioq3 1.35urt linux-i386 Dec 20 2007\protocol\68\mapname\ut_scottbase\sv_privateClients\0\ Admin\adminname\ Email\xxx@xxx.xxx\gamename\q3ut4\g_needpass\0\g_enableDust\0\g_enableBreath\1\g_antilagvis\0\g_survivor\0\g_enablePrecip\2\g_modversion\4.1
  7:45 Kill: 0 0 10: Gala killed Gala by MOD_CHANGE_TEAM
  7:45 ClientUserinfo: 0 \ip\192.168.10.70:27960\name\Gala\racered\3\raceblue\2\rate\10000\ut_timenudge\0\cg_rgb\128 128 128\cg_predictitems\0\cg_physics\1\gear\GMAARWT\cl_anonymous\0\sex\male\handicap\100\color2\5\color1\4\team_headmodel\*james\team_model\james\headmodel\sarge\model\sarge\snaps\20\teamtask\0\cl_guid\60F2251ACFD7B406DB6266FBE76234AE\weapmodes\00000110220000020002
  7:45 ClientUserinfoChanged: 0 n\Gala\t\1\r\3\tl\0\f0\\f1\\f2\\a0\128\a1\128\a2\128
  7:45 ClientBegin: 0
  7:45 Kill: 4 4 10: Pizzuto killed Pizzuto by MOD_CHANGE_TEAM
  7:45 ClientUserinfo: 4 \ip\192.168.10.96:27960\name\Pizzuto\racered\2\raceblue\2\rate\8000\ut_timenudge\0\cg_rgb\128 128 128\cg_predictitems\0\cg_physics\1\snaps\20\model\sarge\headmodel\sarge\team_model\james\team_headmodel\*james\color1\4\color2\5\handicap\100\sex\male\cl_anonymous\0\gear\GMAAWRU\teamtask\0\cl_guid\D26AA3401BE3AE49EE7552C1E5842BEA\weapmodes\00000111020000020000
  7:45 ClientUserinfoChanged: 4 n\Pizzuto\t\1\r\2\tl\0\f0\\f1\\f2\\a0\128\a1\128\a2\128
  7:45 ClientBegin: 4
  7:45 Kill: 1 1 10: Agea killed Agea by MOD_CHANGE_TEAM
  7:45 ClientUserinfo: 1 \ip\192.168.10.36:27960\name\Agea\racered\2\raceblue\2\rate\8000\ut_timenudge\0\cg_rgb\128 128 128\cg_predictitems\0\cg_physics\1\gear\GZAARWT\cl_anonymous\0\sex\male\handicap\100\color2\5\color1\4\team_headmodel\*james\team_model\james\headmodel\sarge\model\sarge\snaps\20\teamtask\0\cl_guid\4BF76CF8CB1B000204A73B68AB3B9AD8\weapmodes\01000110220000020002
  7:45 ClientUserinfoChanged: 1 n\Agea\t\1\r\2\tl\0\f0\\f1\\f2\\a0\128\a1\128\a2\128
  7:45 ClientBegin: 1
  7:45 Kill: 5 5 10: Landsraad killed Landsraad by MOD_CHANGE_TEAM
  7:45 ClientUserinfo: 5 \ip\192.168.10.35:27960\name\Landsraad\racered\2\raceblue\2\rate\8000\ut_timenudge\0\cg_rgb\128 128 128\cg_predictitems\0\cg_physics\1\gear\FMIARWA\snaps\20\model\sarge\headmodel\sarge\team_model\james\team_headmodel\*james\color1\4\color2\5\handicap\100\sex\male\cl_anonymous\0\teamtask\0\cl_guid\35BA45F4B6B25679A9FA02981ADF4BA6\weapmodes\01000110220000020002
  7:45 ClientUserinfoChanged: 5 n\Landsraad\t\2\r\2\tl\0\f0\\f1\\f2\\a0\128\a1\128\a2\128
  7:45 ClientBegin: 5
  7:46 Kill: 2 2 10: Pl4StiK0 killed Pl4StiK0 by MOD_CHANGE_TEAM
  7:46 ClientUserinfo: 2 \ip\192.168.10.38:27960\name\Pl4StiK0\racered\2\raceblue\2\rate\8000\ut_timenudge\0\cg_rgb\128 128 128\cg_predictitems\0\cg_physics\1\snaps\20\model\sarge\headmodel\sarge\team_model\james\team_headmodel\*james\color1\4\color2\5\handicap\100\sex\male\cl_anonymous\0\gear\GNIARWA\teamtask\0\cl_guid\2B94319F0754CADCF439F5A645DF03DF\weapmodes\01000110220000020002
  7:46 ClientUserinfoChanged: 2 n\Pl4StiK0\t\2\r\2\tl\0\f0\\f1\\f2\\a0\128\a1\128\a2\128
  7:46 ClientBegin: 2
  7:46 Kill: 3 3 10: lampro killed lampro by MOD_CHANGE_TEAM
  7:46 ClientUserinfo: 3 \ip\192.168.10.5:27960\name\lampro\racered\1\raceblue\1\rate\8000\ut_timenudge\0\cg_rgb\128 128 128\funred\ninja\funblue\ninja\cg_predictitems\0\cg_physics\1\cl_anonymous\0\sex\male\handicap\100\color2\5\color1\4\team_headmodel\*james\team_model\james\headmodel\sarge\model\sarge\snaps\20\gear\GMAARWU\teamtask\0\cl_guid\E19A266F590A8690405B2E914D8341D3\weapmodes\00000111220000020002
  7:46 ClientUserinfoChanged: 3 n\lampro\t\2\r\1\tl\0\f0\ninja\f1\\f2\\a0\128\a1\128\a2\128
  7:46 ClientBegin: 3
  7:54 ClientUserinfo: 4 \ip\192.168.10.96:27960\name\Pizzuto\racered\2\raceblue\2\rate\8000\ut_timenudge\0\cg_rgb\128 128 128\cg_predictitems\0\cg_physics\1\snaps\20\model\sarge\headmodel\sarge\team_model\james\team_headmodel\*james\color1\4\color2\5\handicap\100\sex\male\cl_anonymous\0\gear\GNIAWRA\teamtask\0\cl_guid\D26AA3401BE3AE49EE7552C1E5842BEA\weapmodes\00000111020000020000
  7:54 ClientUserinfoChanged: 4 n\Pizzuto\t\1\r\2\tl\0\f0\\f1\\f2\\a0\128\a1\128\a2\128
  7:59 ------------------------------------------------------------
  7:59 InitRound: \sv_allowdownload\0\g_matchmode\0\g_gametype\3\sv_maxclients\64\sv_floodprotect\1\g_warmup\15\capturelimit\0\sv_hostname\Marvin\g_followstrict\1\fraglimit\99\timelimit\7\g_cahtime\60\g_swaproles\1\g_roundtime\3\g_bombexplodetime\40\g_bombdefusetime\10\g_hotpotato\2\g_waverespawns\1\g_redwave\10\g_bluewave\10\g_respawndelay\5\g_suddendeath\1\g_maxrounds\0\g_friendlyfire\2\g_allowvote\536871039\g_armbands\0\g_survivorrule\0\g_teamnameblue\Checche\g_teamnamered\Froci\g_gear\0\g_deadchat\1\g_maxGameClients\0\sv_dlURL\marvin.dw\sv_maxPing\0\sv_minPing\0\sv_maxRate\0\sv_minRate\0\dmflags\0\version\ioq3 1.35urt linux-i386 Dec 20 2007\protocol\68\mapname\ut_scottbase\sv_privateClients\0\ Admin\adminname\ Email\xxx@xxx.xxx\gamename\q3ut4\g_needpass\0\g_enableDust\0\g_enableBreath\1\g_antilagvis\0\g_survivor\0\g_enablePrecip\2\g_modversion\4.1
  8:33 Kill: 1 5 28: Agea killed Landsraad by UT_MOD_SR8
  8:36 Kill: 2 0 21: Pl4StiK0 killed Gala by UT_MOD_PSG1
  8:38 Item: 2 ut_weapon_mp5k
  8:43 Kill: 1 3 28: Agea killed lampro by UT_MOD_SR8
  8:43 Kill: 2 1 21: Pl4StiK0 killed Agea by UT_MOD_PSG1
  8:49 Item: 5 ut_weapon_g36
  8:50 Item: 5 ut_weapon_g36
  8:50 Item: 5 ut_weapon_beretta
  8:56 ClientUserinfo: 1 \ip\192.168.10.36:27960\name\Agea\racered\2\raceblue\2\rate\8000\ut_timenudge\0\cg_rgb\128 128 128\cg_predictitems\0\cg_physics\1\gear\GMAARWT\cl_anonymous\0\sex\male\handicap\100\color2\5\color1\4\team_headmodel\*james\team_model\james\headmodel\sarge\model\sarge\snaps\20\teamtask\0\cl_guid\4BF76CF8CB1B000204A73B68AB3B9AD8\weapmodes\01000110220000020002
  8:56 ClientUserinfoChanged: 1 n\Agea\t\1\r\2\tl\0\f0\\f1\\f2\\a0\128\a1\128\a2\128
  9:03 ClientUserinfo: 1 \ip\192.168.10.36:27960\name\Agea\racered\2\raceblue\2\rate\8000\ut_timenudge\0\cg_rgb\128 128 128\cg_predictitems\0\cg_physics\1\gear\GMAQRWA\cl_anonymous\0\sex\male\handicap\100\color2\5\color1\4\team_headmodel\*james\team_model\james\headmodel\sarge\model\sarge\snaps\20\teamtask\0\cl_guid\4BF76CF8CB1B000204A73B68AB3B9AD8\weapmodes\01000110220000020002
  9:03 ClientUserinfoChanged: 1 n\Agea\t\1\r\2\tl\0\f0\\f1\\f2\\a0\128\a1\128\a2\128
  9:17 Kill: 0 2 20: Gala killed Pl4StiK0 by UT_MOD_G36
  9:26 Kill: 5 1 20: Landsraad killed Agea by UT_MOD_G36
  9:29 Kill: 0 5 20: Gala killed Landsraad by UT_MOD_G36
  9:32 Item: 0 ut_weapon_mp5k
  9:33 Item: 0 ut_weapon_g36
  9:35 Item: 0 ut_weapon_deagle
  9:35 Item: 0 ut_weapon_g36
  9:39 Kill: 3 0 20: lampro killed Gala by UT_MOD_G36
  9:39 Item: 2 ut_weapon_psg1
  9:40 Item: 2 ut_weapon_deagle
  9:40 Item: 2 ut_weapon_mp5k
  9:40 Item: 3 ut_weapon_mp5k
  9:40 Item: 3 ut_weapon_deagle
  9:40 Item: 3 ut_weapon_g36
  9:44 Kill: 4 3 18: Pizzuto killed lampro by UT_MOD_MP5K
  9:44 Item: 4 ut_weapon_mp5k
  9:44 Item: 4 ut_weapon_deagle
  9:49 Kill: 2 4 23: Pl4StiK0 killed Pizzuto by UT_MOD_BLED
  9:52 Item: 5 ut_weapon_g36
  9:55 Kill: 0 5 20: Gala killed Landsraad by UT_MOD_G36
  9:56 Item: 0 ut_weapon_g36
  9:57 Item: 0 ut_weapon_mp5k
 10:08 Item: 2 ut_weapon_psg1
 10:21 Kill: 5 0 20: Landsraad killed Gala by UT_MOD_G36
 10:23 Item: 1 ut_weapon_g36
 10:23 Item: 1 ut_weapon_mp5k
 10:24 Kill: 5 1 20: Landsraad killed Agea by UT_MOD_G36
 10:24 Item: 5 ut_weapon_mp5k
 10:24 Item: 5 ut_weapon_g36
 10:26 Kill: 4 5 18: Pizzuto killed Landsraad by UT_MOD_MP5K
 10:47 Kill: 1 2 20: Agea killed Pl4StiK0 by UT_MOD_G36
 10:52 Item: 0 ut_weapon_deagle
 10:52 Item: 0 ut_weapon_mp5k
 10:52 Item: 0 ut_weapon_g36
 10:52 Item: 3 ut_weapon_deagle
 10:56 Kill: 5 0 20: Landsraad killed Gala by UT_MOD_G36
 10:56 Item: 5 ut_weapon_g36
 10:56 Item: 5 ut_weapon_mp5k
 11:02 Kill: 1 5 20: Agea killed Landsraad by UT_MOD_G36
 11:21 Kill: 2 1 18: Pl4StiK0 killed Agea by UT_MOD_MP5K
 11:21 Item: 4 ut_weapon_deagle
 11:21 Item: 0 ut_weapon_g36
 11:22 Kill: 0 2 20: Gala killed Pl4StiK0 by UT_MOD_G36
 11:25 Item: 4 ut_weapon_deagle
 11:25 Item: 4 ut_weapon_psg1
 11:33 Item: 0 ut_weapon_mp5k
 11:38 Kill: 0 3 20: Gala killed lampro by UT_MOD_G36
 11:46 Kill: 5 4 20: Landsraad killed Pizzuto by UT_MOD_G36
 11:49 Kill: 2 0 21: Pl4StiK0 killed Gala by UT_MOD_PSG1
 11:53 Kill: 5 1 18: Landsraad killed Agea by UT_MOD_MP5K
 11:56 Item: 5 ut_weapon_mp5k
 12:00 Item: 5 ut_weapon_g36
 12:00 Item: 5 ut_weapon_grenade_smoke
 12:08 Kill: 0 3 20: Gala killed lampro by UT_MOD_G36
 12:14 Kill: 1 5 20: Agea killed Landsraad by UT_MOD_G36
 12:17 Item: 0 ut_weapon_deagle
 12:17 Item: 0 ut_weapon_g36
 12:17 Item: 0 ut_weapon_mp5k
 12:18 Kill: 0 2 20: Gala killed Pl4StiK0 by UT_MOD_G36
 12:19 Item: 4 ut_weapon_grenade_smoke
 12:19 Item: 4 ut_weapon_mp5k
 12:22 Kill: 0 3 20: Gala killed lampro by UT_MOD_G36
 12:28 Item: 2 ut_weapon_deagle
 12:32 Item: 5 ut_weapon_g36
 12:40 Kill: 2 4 18: Pl4StiK0 killed Pizzuto by UT_MOD_MP5K
 12:41 Item: 2 ut_weapon_deagle
 12:41 Item: 2 ut_weapon_grenade_smoke
 12:41 Item: 2 ut_weapon_mp5k
 12:41 Item: 2 ut_weapon_psg1
 12:44 Kill: 3 0 20: lampro killed Gala by UT_MOD_G36
 12:46 Kill: 5 1 20: Landsraad killed Agea by UT_MOD_G36
 12:51 Item: 5 ut_weapon_grenade_smoke
 12:51 Item: 5 ut_weapon_g36
 12:54 Item: 2 ut_weapon_deagle
 12:54 Item: 2 ut_weapon_mp5k
 12:58 Kill: 5 1 20: Landsraad killed Agea by UT_MOD_G36
 13:04 Kill: 4 2 18: Pizzuto killed Pl4StiK0 by UT_MOD_MP5K
 13:04 Item: 4 ut_weapon_deagle
 13:04 Item: 4 ut_weapon_grenade_smoke
 13:05 Item: 4 ut_weapon_mp5k
 13:07 Item: 0 ut_weapon_deagle
 13:09 Item: 4 ut_weapon_psg1
 13:10 Item: 0 ut_weapon_g36
 13:10 Item: 0 ut_weapon_grenade_smoke
 13:19 Kill: 5 1 20: Landsraad killed Agea by UT_MOD_G36
 13:21 Kill: 0 5 20: Gala killed Landsraad by UT_MOD_G36
 13:23 Item: 0 ut_weapon_deagle
 13:23 Item: 0 ut_weapon_g36
 13:24 Item: 4 ut_weapon_grenade_smoke
 13:26 Item: 0 ut_weapon_g36
 13:26 Item: 0 ut_weapon_mp5k
 13:42 Kill: 2 1 18: Pl4StiK0 killed Agea by UT_MOD_MP5K
 13:45 Item: 0 ut_weapon_deagle
 13:45 Item: 0 ut_weapon_g36
 13:45 Kill: 0 2 20: Gala killed Pl4StiK0 by UT_MOD_G36
 14:00 Kill: 5 1 20: Landsraad killed Agea by UT_MOD_G36
 14:03 Kill: 4 3 18: Pizzuto killed lampro by UT_MOD_MP5K
 14:03 Item: 0 ut_weapon_deagle
 14:03 Item: 0 ut_weapon_mp5k
 14:05 Item: 5 ut_weapon_g36
 14:06 Item: 5 ut_weapon_grenade_smoke
 14:14 ClientUserinfo: 1 \ip\192.168.10.36:27960\name\Agea\racered\2\raceblue\2\rate\8000\ut_timenudge\0\cg_rgb\128 128 128\cg_predictitems\0\cg_physics\1\gear\GMAARWT\cl_anonymous\0\sex\male\handicap\100\color2\5\color1\4\team_headmodel\*james\team_model\james\headmodel\sarge\model\sarge\snaps\20\teamtask\0\cl_guid\4BF76CF8CB1B000204A73B68AB3B9AD8\weapmodes\01000110220000020002
 14:14 ClientUserinfoChanged: 1 n\Agea\t\1\r\2\tl\0\f0\\f1\\f2\\a0\128\a1\128\a2\128
 14:15 Kill: 5 1 20: Landsraad killed Agea by UT_MOD_G36
 14:20 Item: 5 ut_weapon_g36
 14:22 Kill: 1 5 20: Agea killed Landsraad by UT_MOD_G36
 14:24 Item: 0 ut_weapon_deagle
 14:24 Item: 0 ut_weapon_g36
 14:25 Item: 1 ut_weapon_g36
 14:28 Kill: 2 4 23: Pl4StiK0 killed Pizzuto by UT_MOD_BLED
 14:28 Kill: 0 3 20: Gala killed lampro by UT_MOD_G36
 14:32 Item: 4 ut_weapon_mp5k
 14:32 Item: 4 ut_weapon_grenade_smoke
 14:37 Kill: 5 0 20: Landsraad killed Gala by UT_MOD_G36
 14:37 Item: 5 ut_weapon_g36
 14:39 Item: 5 ut_weapon_mp5k
 14:40 Item: 5 ut_weapon_grenade_smoke
 14:40 Item: 3 ut_weapon_deagle
 14:41 Item: 5 ut_weapon_g36
 14:44 Item: 3 ut_weapon_deagle
 14:50 Kill: 4 2 18: Pizzuto killed Pl4StiK0 by UT_MOD_MP5K
 14:50 Item: 4 ut_weapon_psg1
 14:51 Item: 4 ut_weapon_mp5k
 14:53 Item: 1 ut_weapon_deagle
 14:54 Kill: 3 0 20: lampro killed Gala by UT_MOD_G36
 14:59 Exit: Timelimit hit.
 14:59 red:22  blue:23
 14:59 score: 22  ping: 4  client: 5 Landsraad
 14:59 score: 18  ping: 1  client: 0 Gala
 14:59 score: 14  ping: 3  client: 2 Pl4StiK0
 14:59 score: 14  ping: 3  client: 1 Agea
 14:59 score: 9  ping: 0  client: 3 lampro
 14:59 score: 8  ping: 3  client: 4 Pizzuto
 15:05 ClientDisconnect: 5
 15:12 ClientDisconnect: 3
 15:15 ShutdownGame:
 15:15 ------------------------------------------------------------
  0:00 ------------------------------------------------------------
  0:00 InitGame: \sv_allowdownload\0\g_matchmode\0\g_gametype\3\sv_maxclients\64\sv_floodprotect\1\g_warmup\15\capturelimit\0\sv_hostname\Marvin\g_followstrict\1\fraglimit\99\timelimit\7\g_cahtime\60\g_swaproles\1\g_roundtime\3\g_bombexplodetime\40\g_bombdefusetime\10\g_hotpotato\2\g_waverespawns\1\g_redwave\10\g_bluewave\10\g_respawndelay\5\g_suddendeath\1\g_maxrounds\0\g_friendlyfire\2\g_allowvote\536871039\g_armbands\0\g_survivorrule\0\g_teamnameblue\Checche\g_teamnamered\Froci\g_gear\0\g_deadchat\1\g_maxGameClients\0\sv_dlURL\marvin.dw\sv_maxPing\0\sv_minPing\0\sv_maxRate\0\sv_minRate\0\dmflags\0\version\ioq3 1.35urt linux-i386 Dec 20 2007\protocol\68\mapname\ut4_vypla\sv_privateClients\0\ Admin\adminname\ Email\xxx@xxx.xxx\gamename\q3ut4\g_needpass\0\g_enableDust\0\g_enableBreath\1\g_antilagvis\0\g_survivor\0\g_enablePrecip\2\g_modversion\4.1
  0:00 Warmup:
  0:00 ClientConnect: 0
  0:00 ClientUserinfo: 0 \ip\192.168.10.70:27960\name\Gala\racered\3\raceblue\2\rate\10000\ut_timenudge\0\cg_rgb\128 128 128\cg_predictitems\0\cg_physics\1\gear\GMAARWT\cl_anonymous\0\sex\male\handicap\100\color2\5\color1\4\team_headmodel\*james\team_model\james\headmodel\sarge\model\sarge\snaps\20\teamtask\0\cl_guid\60F2251ACFD7B406DB6266FBE76234AE\weapmodes\00000110220000020002
  0:00 ClientUserinfoChanged: 0 n\Gala\t\1\r\3\tl\0\f0\\f1\\f2\\a0\128\a1\128\a2\128
  0:00 ClientConnect: 1
  0:00 ClientUserinfo: 1 \ip\192.168.10.36:27960\name\Agea\racered\2\raceblue\2\rate\8000\ut_timenudge\0\cg_rgb\128 128 128\cg_predictitems\0\cg_physics\1\gear\GMAARWT\cl_anonymous\0\sex\male\handicap\100\color2\5\color1\4\team_headmodel\*james\team_model\james\headmodel\sarge\model\sarge\snaps\20\teamtask\0\cl_guid\4BF76CF8CB1B000204A73B68AB3B9AD8\weapmodes\01000110220000020002
  0:00 ClientUserinfoChanged: 1 n\Agea\t\1\r\2\tl\0\f0\\f1\\f2\\a0\128\a1\128\a2\128
  0:00 ClientConnect: 2
  0:00 ClientUserinfo: 2 \ip\192.168.10.38:27960\name\Pl4StiK0\racered\2\raceblue\2\rate\8000\ut_timenudge\0\cg_rgb\128 128 128\cg_predictitems\0\cg_physics\1\snaps\20\model\sarge\headmodel\sarge\team_model\james\team_headmodel\*james\color1\4\color2\5\handicap\100\sex\male\cl_anonymous\0\gear\GNIARWA\teamtask\0\cl_guid\2B94319F0754CADCF439F5A645DF03DF\weapmodes\01000110220000020002
  0:00 ClientUserinfoChanged: 2 n\Pl4StiK0\t\2\r\2\tl\0\f0\\f1\\f2\\a0\128\a1\128\a2\128
  0:00 ClientConnect: 4
  0:00 ClientUserinfo: 4 \ip\192.168.10.96:27960\name\Pizzuto\racered\2\raceblue\2\rate\8000\ut_timenudge\0\cg_rgb\128 128 128\cg_predictitems\0\cg_physics\1\snaps\20\model\sarge\headmodel\sarge\team_model\james\team_headmodel\*james\color1\4\color2\5\handicap\100\sex\male\cl_anonymous\0\gear\GNIAWRA\teamtask\0\cl_guid\D26AA3401BE3AE49EE7552C1E5842BEA\weapmodes\00000111020000020000
  0:00 ClientUserinfoChanged: 4 n\Pizzuto\t\1\r\2\tl\0\f0\\f1\\f2\\a0\128\a1\128\a2\128
  0:17 ClientDisconnect: 2
  0:18 ClientDisconnect: 1
  0:23 ClientBegin: 0
  0:27 ShutdownGame:
  0:27 ------------------------------------------------------------
